<?xml version="1.0" encoding="UTF-8"?>
<!-- Generated by org.testng.reporters.JUnitReportReporter -->
<testsuite hostname="DESKTOP-SS5TGEM" failures="0" tests="1" name="GenerateAllureReport" time="13.461" errors="0" timestamp="2021-06-05T15:19:29 IST" skipped="0">
  <testcase classname="GenerateAllureReport" name="loginTest" time="13.461"/>
  <system-out/>
</testsuite> <!-- GenerateAllureReport -->
